<?xml version="1.0" encoding="UTF-8" ?>
<testsuite errors="0" failures="0" hostname="zach-16Z90Q-K-AAC7U1" name="warmup.QuadraticTest" skipped="0" tests="8" time="0.069" timestamp="2023-07-10T02:12:16">
  <properties>
[...]
</properties>
  <testcase classname="warmup.QuadraticTest" name="testOneRoot" time="0.0" />
  <testcase classname="warmup.QuadraticTest" name="testAssertionsEnabled" time="0.001" />
  <testcase classname="warmup.QuadraticTest" name="testOneZeroRoot" time="0.0" />
  <testcase classname="warmup.QuadraticTest" name="testPositiveRoots" time="0.0" />
  <testcase classname="warmup.QuadraticTest" name="testBothZeroRoots" time="0.0" />
  <testcase classname="warmup.QuadraticTest" name="testOppositeSignRoots" time="0.0" />
  <testcase classname="warmup.QuadraticTest" name="testNegativeRoots" time="0.0" />
  <testcase classname="warmup.QuadraticTest" name="testLargeRoots" time="0.0" />
  <system-out><![CDATA[676
0
160
0
6468
64
489934592
]]></system-out>
  <system-err><![CDATA[]]></system-err>
</testsuite>
